<?xml version="1.0" encoding="UTF-8"?>
<!-- Generated by org.testng.reporters.JUnitReportReporter -->
<testsuite skipped="0" hostname="DESKTOP-9H5H06B" name="newExmaple.javaScriptexecutor" tests="1" failures="0" timestamp="2020-12-08T20:22:02 IST" time="7.857" errors="0">
  <testcase name="clicking" time="7.857" classname="newExmaple.javaScriptexecutor"/>
  <system-out/>
</testsuite> <!-- newExmaple.javaScriptexecutor -->
