<?xml version="1.0" encoding="UTF-8"?>
<!-- Generated by org.testng.reporters.JUnitReportReporter -->
<testsuite skipped="0" hostname="DESKTOP-9H5H06B" name="newExmaple.dependsExample" tests="2" failures="0" timestamp="2020-12-31T11:36:09 IST" time="6.088" errors="0">
  <testcase name="running" time="2.467" classname="newExmaple.dependsExample"/>
  <system-out>
Opening chrome  </system-out>
  <testcase name="exampleRunning" time="3.621" classname="newExmaple.dependsExample"/>
  <system-out>
Launching browser  </system-out>
</testsuite> <!-- newExmaple.dependsExample -->
