<?xml version="1.0" encoding="UTF-8"?>
<!-- Generated by org.testng.reporters.JUnitReportReporter -->
<testsuite skipped="0" hostname="DESKTOP-9H5H06B" name="newExmaple.dataproviderMethos" tests="2" failures="0" timestamp="2020-12-31T12:36:08 IST" time="0.011" errors="0">
  <testcase name="testDiff" time="0.011" classname="newExmaple.dataproviderMethos"/>
  <system-out/>
  <testcase name="testSum" time="0.000" classname="newExmaple.dataproviderMethos"/>
  <system-out/>
</testsuite> <!-- newExmaple.dataproviderMethos -->
