<?xml version="1.0" encoding="UTF-8"?>
<!-- Generated by org.testng.reporters.JUnitReportReporter -->
<testsuite skipped="0" hostname="DESKTOP-9H5H06B" name="newExmaple.helloprogram" tests="1" failures="0" timestamp="2020-12-03T14:28:29 IST" time="10.467" errors="0">
  <testcase name="running" time="10.467" classname="newExmaple.helloprogram"/>
  <system-out/>
</testsuite> <!-- newExmaple.helloprogram -->
